{"/home/simone/code/top/templates/webpack-jest/src/index.js": {"path":"/home/simone/code/top/templates/webpack-jest/src/index.js","statementMap":{"0":{"start":{"line":4,"column":4},"end":{"line":4,"column":18}}},"fnMap":{"0":{"name":"testFN","decl":{"start":{"line":3,"column":16},"end":{"line":3,"column":22}},"loc":{"start":{"line":3,"column":25},"end":{"line":5,"column":1}},"line":3}},"branchMap":{},"s":{"0":1},"f":{"0":1},"b":{},"_coverageSchema":"1a1c01bbd47fc00a2c39e90264f33305004495a9","hash":"9207a04035d0c7dae1f5fc31f47ab334fc29b41d"}
,"/home/simone/code/top/templates/webpack-jest/src/styles/style.css": {"path":"/home/simone/code/top/templates/webpack-jest/src/styles/style.css","statementMap":{},"fnMap":{},"branchMap":{},"s":{},"f":{},"b":{},"inputSourceMap":null,"_coverageSchema":"1a1c01bbd47fc00a2c39e90264f33305004495a9","hash":"00e677765083481bbf015c2d26f20591bbdb72e3"}
}
